-------------------------------------------------------------------------------
Test set: com.trueland.ecerp.service.ForumServiceTest
-------------------------------------------------------------------------------
Tests run: 7, Failures: 0, Errors: 7, Skipped: 0, Time elapsed: 0.303 sec <<< FAILURE!
addBoard(com.trueland.ecerp.service.ForumServiceTest)  Time elapsed: 0.07 sec  <<< ERROR!
org.unitils.core.UnitilsException: Unable to create application context for locations [ecerp-service.xml, ecerp-dao.xml]
	at org.unitils.spring.util.ApplicationContextManager.createInstanceForValues(ApplicationContextManager.java:121)
	at org.unitils.spring.util.ApplicationContextManager.createInstanceForValues(ApplicationContextManager.java:36)
	at org.unitils.core.util.AnnotatedInstanceManager.getInstanceImpl(AnnotatedInstanceManager.java:234)
	at org.unitils.core.util.AnnotatedInstanceManager.getInstanceImpl(AnnotatedInstanceManager.java:240)
	at org.unitils.core.util.AnnotatedInstanceManager.getInstance(AnnotatedInstanceManager.java:121)
	at org.unitils.spring.util.ApplicationContextManager.getApplicationContext(ApplicationContextManager.java:65)
	at org.unitils.spring.SpringModule.getApplicationContext(SpringModule.java:222)
	at org.unitils.spring.SpringModule$1.isApplicableFor(SpringModule.java:104)
	at org.unitils.database.transaction.impl.DefaultUnitilsTransactionManager.getTransactionManagementConfiguration(DefaultUnitilsTransactionManager.java:182)
	at org.unitils.database.transaction.impl.DefaultUnitilsTransactionManager.startTransaction(DefaultUnitilsTransactionManager.java:98)
	at org.unitils.database.DatabaseModule.startTransaction(DatabaseModule.java:410)
	at org.unitils.database.DatabaseModule.startTransactionForTestMethod(DatabaseModule.java:381)
	at org.unitils.database.DatabaseModule$DatabaseTestListener.beforeTestSetUp(DatabaseModule.java:535)
	at org.unitils.core.Unitils$UnitilsTestListener.beforeTestSetUp(Unitils.java:273)
	at org.unitils.UnitilsJUnit4TestClassRunner$TestListenerInvokingMethodRoadie.runBeforesThenTestThenAfters(UnitilsJUnit4TestClassRunner.java:151)
	at org.junit.internal.runners.MethodRoadie.runTest(MethodRoadie.java:84)
	at org.junit.internal.runners.MethodRoadie.run(MethodRoadie.java:49)
	at org.unitils.UnitilsJUnit4TestClassRunner.invokeTestMethod(UnitilsJUnit4TestClassRunner.java:95)
	at org.junit.internal.runners.JUnit4ClassRunner.runMethods(JUnit4ClassRunner.java:61)
	at org.unitils.UnitilsJUnit4TestClassRunner.access$000(UnitilsJUnit4TestClassRunner.java:44)
	at org.unitils.UnitilsJUnit4TestClassRunner$1.run(UnitilsJUnit4TestClassRunner.java:62)
	at org.junit.internal.runners.ClassRoadie.runUnprotected(ClassRoadie.java:34)
	at org.junit.internal.runners.ClassRoadie.runProtected(ClassRoadie.java:44)
	at org.unitils.UnitilsJUnit4TestClassRunner.run(UnitilsJUnit4TestClassRunner.java:68)
	at org.apache.maven.surefire.junit4.JUnit4TestSet.execute(JUnit4TestSet.java:53)
	at org.apache.maven.surefire.junit4.JUnit4Provider.executeTestSet(JUnit4Provider.java:123)
	at org.apache.maven.surefire.junit4.JUnit4Provider.invoke(JUnit4Provider.java:104)
	at sun.reflect.NativeMethodAccessorImpl.invoke0(Native Method)
	at sun.reflect.NativeMethodAccessorImpl.invoke(NativeMethodAccessorImpl.java:57)
	at sun.reflect.DelegatingMethodAccessorImpl.invoke(DelegatingMethodAccessorImpl.java:43)
	at java.lang.reflect.Method.invoke(Method.java:601)
	at org.apache.maven.surefire.util.ReflectionUtils.invokeMethodWithArray(ReflectionUtils.java:164)
	at org.apache.maven.surefire.booter.ProviderFactory$ProviderProxy.invoke(ProviderFactory.java:110)
	at org.apache.maven.surefire.booter.SurefireStarter.invokeProvider(SurefireStarter.java:175)
	at org.apache.maven.surefire.booter.SurefireStarter.runSuitesInProcessWhenForked(SurefireStarter.java:107)
	at org.apache.maven.surefire.booter.ForkedBooter.main(ForkedBooter.java:68)
Caused by: java.lang.NoClassDefFoundError: org/aspectj/weaver/BCException
	at java.lang.Class.getDeclaredMethods0(Native Method)
	at java.lang.Class.privateGetDeclaredMethods(Class.java:2442)
	at java.lang.Class.getDeclaredMethods(Class.java:1808)
	at org.springframework.core.type.StandardAnnotationMetadata.hasAnnotatedMethods(StandardAnnotationMetadata.java:159)
	at org.springframework.context.annotation.ConfigurationClassUtils.isLiteConfigurationCandidate(ConfigurationClassUtils.java:104)
	at org.springframework.context.annotation.ConfigurationClassUtils.checkConfigurationClassCandidate(ConfigurationClassUtils.java:87)
	at org.springframework.context.annotation.ConfigurationClassPostProcessor.processConfigBeanDefinitions(ConfigurationClassPostProcessor.java:253)
	at org.springframework.context.annotation.ConfigurationClassPostProcessor.postProcessBeanDefinitionRegistry(ConfigurationClassPostProcessor.java:223)
	at org.springframework.context.support.AbstractApplicationContext.invokeBeanFactoryPostProcessors(AbstractApplicationContext.java:630)
	at org.springframework.context.support.AbstractApplicationContext.refresh(AbstractApplicationContext.java:461)
	at org.unitils.spring.util.ApplicationContextManager.createInstanceForValues(ApplicationContextManager.java:117)
	... 35 more
Caused by: java.lang.ClassNotFoundException: org.aspectj.weaver.BCException
	at java.net.URLClassLoader$1.run(URLClassLoader.java:366)
	at java.net.URLClassLoader$1.run(URLClassLoader.java:355)
	at java.security.AccessController.doPrivileged(Native Method)
	at java.net.URLClassLoader.findClass(URLClassLoader.java:354)
	at java.lang.ClassLoader.loadClass(ClassLoader.java:423)
	at sun.misc.Launcher$AppClassLoader.loadClass(Launcher.java:308)
	at java.lang.ClassLoader.loadClass(ClassLoader.java:356)
	... 46 more
addTopic(com.trueland.ecerp.service.ForumServiceTest)  Time elapsed: 0.043 sec  <<< ERROR!
org.unitils.core.UnitilsException: Unable to create application context for locations [ecerp-service.xml, ecerp-dao.xml]
	at org.unitils.spring.util.ApplicationContextManager.createInstanceForValues(ApplicationContextManager.java:121)
	at org.unitils.spring.util.ApplicationContextManager.createInstanceForValues(ApplicationContextManager.java:36)
	at org.unitils.core.util.AnnotatedInstanceManager.getInstanceImpl(AnnotatedInstanceManager.java:234)
	at org.unitils.core.util.AnnotatedInstanceManager.getInstanceImpl(AnnotatedInstanceManager.java:240)
	at org.unitils.core.util.AnnotatedInstanceManager.getInstance(AnnotatedInstanceManager.java:121)
	at org.unitils.spring.util.ApplicationContextManager.getApplicationContext(ApplicationContextManager.java:65)
	at org.unitils.spring.SpringModule.getApplicationContext(SpringModule.java:222)
	at org.unitils.spring.SpringModule$1.isApplicableFor(SpringModule.java:104)
	at org.unitils.database.transaction.impl.DefaultUnitilsTransactionManager.getTransactionManagementConfiguration(DefaultUnitilsTransactionManager.java:182)
	at org.unitils.database.transaction.impl.DefaultUnitilsTransactionManager.startTransaction(DefaultUnitilsTransactionManager.java:98)
	at org.unitils.database.DatabaseModule.startTransaction(DatabaseModule.java:410)
	at org.unitils.database.DatabaseModule.startTransactionForTestMethod(DatabaseModule.java:381)
	at org.unitils.database.DatabaseModule$DatabaseTestListener.beforeTestSetUp(DatabaseModule.java:535)
	at org.unitils.core.Unitils$UnitilsTestListener.beforeTestSetUp(Unitils.java:273)
	at org.unitils.UnitilsJUnit4TestClassRunner$TestListenerInvokingMethodRoadie.runBeforesThenTestThenAfters(UnitilsJUnit4TestClassRunner.java:151)
	at org.junit.internal.runners.MethodRoadie.runTest(MethodRoadie.java:84)
	at org.junit.internal.runners.MethodRoadie.run(MethodRoadie.java:49)
	at org.unitils.UnitilsJUnit4TestClassRunner.invokeTestMethod(UnitilsJUnit4TestClassRunner.java:95)
	at org.junit.internal.runners.JUnit4ClassRunner.runMethods(JUnit4ClassRunner.java:61)
	at org.unitils.UnitilsJUnit4TestClassRunner.access$000(UnitilsJUnit4TestClassRunner.java:44)
	at org.unitils.UnitilsJUnit4TestClassRunner$1.run(UnitilsJUnit4TestClassRunner.java:62)
	at org.junit.internal.runners.ClassRoadie.runUnprotected(ClassRoadie.java:34)
	at org.junit.internal.runners.ClassRoadie.runProtected(ClassRoadie.java:44)
	at org.unitils.UnitilsJUnit4TestClassRunner.run(UnitilsJUnit4TestClassRunner.java:68)
	at org.apache.maven.surefire.junit4.JUnit4TestSet.execute(JUnit4TestSet.java:53)
	at org.apache.maven.surefire.junit4.JUnit4Provider.executeTestSet(JUnit4Provider.java:123)
	at org.apache.maven.surefire.junit4.JUnit4Provider.invoke(JUnit4Provider.java:104)
	at sun.reflect.NativeMethodAccessorImpl.invoke0(Native Method)
	at sun.reflect.NativeMethodAccessorImpl.invoke(NativeMethodAccessorImpl.java:57)
	at sun.reflect.DelegatingMethodAccessorImpl.invoke(DelegatingMethodAccessorImpl.java:43)
	at java.lang.reflect.Method.invoke(Method.java:601)
	at org.apache.maven.surefire.util.ReflectionUtils.invokeMethodWithArray(ReflectionUtils.java:164)
	at org.apache.maven.surefire.booter.ProviderFactory$ProviderProxy.invoke(ProviderFactory.java:110)
	at org.apache.maven.surefire.booter.SurefireStarter.invokeProvider(SurefireStarter.java:175)
	at org.apache.maven.surefire.booter.SurefireStarter.runSuitesInProcessWhenForked(SurefireStarter.java:107)
	at org.apache.maven.surefire.booter.ForkedBooter.main(ForkedBooter.java:68)
Caused by: java.lang.NoClassDefFoundError: org/aspectj/weaver/BCException
	at java.lang.Class.getDeclaredMethods0(Native Method)
	at java.lang.Class.privateGetDeclaredMethods(Class.java:2442)
	at java.lang.Class.getDeclaredMethods(Class.java:1808)
	at org.springframework.core.type.StandardAnnotationMetadata.hasAnnotatedMethods(StandardAnnotationMetadata.java:159)
	at org.springframework.context.annotation.ConfigurationClassUtils.isLiteConfigurationCandidate(ConfigurationClassUtils.java:104)
	at org.springframework.context.annotation.ConfigurationClassUtils.checkConfigurationClassCandidate(ConfigurationClassUtils.java:87)
	at org.springframework.context.annotation.ConfigurationClassPostProcessor.processConfigBeanDefinitions(ConfigurationClassPostProcessor.java:253)
	at org.springframework.context.annotation.ConfigurationClassPostProcessor.postProcessBeanDefinitionRegistry(ConfigurationClassPostProcessor.java:223)
	at org.springframework.context.support.AbstractApplicationContext.invokeBeanFactoryPostProcessors(AbstractApplicationContext.java:630)
	at org.springframework.context.support.AbstractApplicationContext.refresh(AbstractApplicationContext.java:461)
	at org.unitils.spring.util.ApplicationContextManager.createInstanceForValues(ApplicationContextManager.java:117)
	... 35 more
Caused by: java.lang.ClassNotFoundException: org.aspectj.weaver.BCException
	at java.net.URLClassLoader$1.run(URLClassLoader.java:366)
	at java.net.URLClassLoader$1.run(URLClassLoader.java:355)
	at java.security.AccessController.doPrivileged(Native Method)
	at java.net.URLClassLoader.findClass(URLClassLoader.java:354)
	at java.lang.ClassLoader.loadClass(ClassLoader.java:423)
	at sun.misc.Launcher$AppClassLoader.loadClass(Launcher.java:308)
	at java.lang.ClassLoader.loadClass(ClassLoader.java:356)
	... 46 more
removeTopic(com.trueland.ecerp.service.ForumServiceTest)  Time elapsed: 0.04 sec  <<< ERROR!
org.unitils.core.UnitilsException: Unable to create application context for locations [ecerp-service.xml, ecerp-dao.xml]
	at org.unitils.spring.util.ApplicationContextManager.createInstanceForValues(ApplicationContextManager.java:121)
	at org.unitils.spring.util.ApplicationContextManager.createInstanceForValues(ApplicationContextManager.java:36)
	at org.unitils.core.util.AnnotatedInstanceManager.getInstanceImpl(AnnotatedInstanceManager.java:234)
	at org.unitils.core.util.AnnotatedInstanceManager.getInstanceImpl(AnnotatedInstanceManager.java:240)
	at org.unitils.core.util.AnnotatedInstanceManager.getInstance(AnnotatedInstanceManager.java:121)
	at org.unitils.spring.util.ApplicationContextManager.getApplicationContext(ApplicationContextManager.java:65)
	at org.unitils.spring.SpringModule.getApplicationContext(SpringModule.java:222)
	at org.unitils.spring.SpringModule$1.isApplicableFor(SpringModule.java:104)
	at org.unitils.database.transaction.impl.DefaultUnitilsTransactionManager.getTransactionManagementConfiguration(DefaultUnitilsTransactionManager.java:182)
	at org.unitils.database.transaction.impl.DefaultUnitilsTransactionManager.startTransaction(DefaultUnitilsTransactionManager.java:98)
	at org.unitils.database.DatabaseModule.startTransaction(DatabaseModule.java:410)
	at org.unitils.database.DatabaseModule.startTransactionForTestMethod(DatabaseModule.java:381)
	at org.unitils.database.DatabaseModule$DatabaseTestListener.beforeTestSetUp(DatabaseModule.java:535)
	at org.unitils.core.Unitils$UnitilsTestListener.beforeTestSetUp(Unitils.java:273)
	at org.unitils.UnitilsJUnit4TestClassRunner$TestListenerInvokingMethodRoadie.runBeforesThenTestThenAfters(UnitilsJUnit4TestClassRunner.java:151)
	at org.junit.internal.runners.MethodRoadie.runTest(MethodRoadie.java:84)
	at org.junit.internal.runners.MethodRoadie.run(MethodRoadie.java:49)
	at org.unitils.UnitilsJUnit4TestClassRunner.invokeTestMethod(UnitilsJUnit4TestClassRunner.java:95)
	at org.junit.internal.runners.JUnit4ClassRunner.runMethods(JUnit4ClassRunner.java:61)
	at org.unitils.UnitilsJUnit4TestClassRunner.access$000(UnitilsJUnit4TestClassRunner.java:44)
	at org.unitils.UnitilsJUnit4TestClassRunner$1.run(UnitilsJUnit4TestClassRunner.java:62)
	at org.junit.internal.runners.ClassRoadie.runUnprotected(ClassRoadie.java:34)
	at org.junit.internal.runners.ClassRoadie.runProtected(ClassRoadie.java:44)
	at org.unitils.UnitilsJUnit4TestClassRunner.run(UnitilsJUnit4TestClassRunner.java:68)
	at org.apache.maven.surefire.junit4.JUnit4TestSet.execute(JUnit4TestSet.java:53)
	at org.apache.maven.surefire.junit4.JUnit4Provider.executeTestSet(JUnit4Provider.java:123)
	at org.apache.maven.surefire.junit4.JUnit4Provider.invoke(JUnit4Provider.java:104)
	at sun.reflect.NativeMethodAccessorImpl.invoke0(Native Method)
	at sun.reflect.NativeMethodAccessorImpl.invoke(NativeMethodAccessorImpl.java:57)
	at sun.reflect.DelegatingMethodAccessorImpl.invoke(DelegatingMethodAccessorImpl.java:43)
	at java.lang.reflect.Method.invoke(Method.java:601)
	at org.apache.maven.surefire.util.ReflectionUtils.invokeMethodWithArray(ReflectionUtils.java:164)
	at org.apache.maven.surefire.booter.ProviderFactory$ProviderProxy.invoke(ProviderFactory.java:110)
	at org.apache.maven.surefire.booter.SurefireStarter.invokeProvider(SurefireStarter.java:175)
	at org.apache.maven.surefire.booter.SurefireStarter.runSuitesInProcessWhenForked(SurefireStarter.java:107)
	at org.apache.maven.surefire.booter.ForkedBooter.main(ForkedBooter.java:68)
Caused by: java.lang.NoClassDefFoundError: org/aspectj/weaver/BCException
	at java.lang.Class.getDeclaredMethods0(Native Method)
	at java.lang.Class.privateGetDeclaredMethods(Class.java:2442)
	at java.lang.Class.getDeclaredMethods(Class.java:1808)
	at org.springframework.core.type.StandardAnnotationMetadata.hasAnnotatedMethods(StandardAnnotationMetadata.java:159)
	at org.springframework.context.annotation.ConfigurationClassUtils.isLiteConfigurationCandidate(ConfigurationClassUtils.java:104)
	at org.springframework.context.annotation.ConfigurationClassUtils.checkConfigurationClassCandidate(ConfigurationClassUtils.java:87)
	at org.springframework.context.annotation.ConfigurationClassPostProcessor.processConfigBeanDefinitions(ConfigurationClassPostProcessor.java:253)
	at org.springframework.context.annotation.ConfigurationClassPostProcessor.postProcessBeanDefinitionRegistry(ConfigurationClassPostProcessor.java:223)
	at org.springframework.context.support.AbstractApplicationContext.invokeBeanFactoryPostProcessors(AbstractApplicationContext.java:630)
	at org.springframework.context.support.AbstractApplicationContext.refresh(AbstractApplicationContext.java:461)
	at org.unitils.spring.util.ApplicationContextManager.createInstanceForValues(ApplicationContextManager.java:117)
	... 35 more
Caused by: java.lang.ClassNotFoundException: org.aspectj.weaver.BCException
	at java.net.URLClassLoader$1.run(URLClassLoader.java:366)
	at java.net.URLClassLoader$1.run(URLClassLoader.java:355)
	at java.security.AccessController.doPrivileged(Native Method)
	at java.net.URLClassLoader.findClass(URLClassLoader.java:354)
	at java.lang.ClassLoader.loadClass(ClassLoader.java:423)
	at sun.misc.Launcher$AppClassLoader.loadClass(Launcher.java:308)
	at java.lang.ClassLoader.loadClass(ClassLoader.java:356)
	... 46 more
addPost(com.trueland.ecerp.service.ForumServiceTest)  Time elapsed: 0.039 sec  <<< ERROR!
org.unitils.core.UnitilsException: Unable to create application context for locations [ecerp-service.xml, ecerp-dao.xml]
	at org.unitils.spring.util.ApplicationContextManager.createInstanceForValues(ApplicationContextManager.java:121)
	at org.unitils.spring.util.ApplicationContextManager.createInstanceForValues(ApplicationContextManager.java:36)
	at org.unitils.core.util.AnnotatedInstanceManager.getInstanceImpl(AnnotatedInstanceManager.java:234)
	at org.unitils.core.util.AnnotatedInstanceManager.getInstanceImpl(AnnotatedInstanceManager.java:240)
	at org.unitils.core.util.AnnotatedInstanceManager.getInstance(AnnotatedInstanceManager.java:121)
	at org.unitils.spring.util.ApplicationContextManager.getApplicationContext(ApplicationContextManager.java:65)
	at org.unitils.spring.SpringModule.getApplicationContext(SpringModule.java:222)
	at org.unitils.spring.SpringModule$1.isApplicableFor(SpringModule.java:104)
	at org.unitils.database.transaction.impl.DefaultUnitilsTransactionManager.getTransactionManagementConfiguration(DefaultUnitilsTransactionManager.java:182)
	at org.unitils.database.transaction.impl.DefaultUnitilsTransactionManager.startTransaction(DefaultUnitilsTransactionManager.java:98)
	at org.unitils.database.DatabaseModule.startTransaction(DatabaseModule.java:410)
	at org.unitils.database.DatabaseModule.startTransactionForTestMethod(DatabaseModule.java:381)
	at org.unitils.database.DatabaseModule$DatabaseTestListener.beforeTestSetUp(DatabaseModule.java:535)
	at org.unitils.core.Unitils$UnitilsTestListener.beforeTestSetUp(Unitils.java:273)
	at org.unitils.UnitilsJUnit4TestClassRunner$TestListenerInvokingMethodRoadie.runBeforesThenTestThenAfters(UnitilsJUnit4TestClassRunner.java:151)
	at org.junit.internal.runners.MethodRoadie.runTest(MethodRoadie.java:84)
	at org.junit.internal.runners.MethodRoadie.run(MethodRoadie.java:49)
	at org.unitils.UnitilsJUnit4TestClassRunner.invokeTestMethod(UnitilsJUnit4TestClassRunner.java:95)
	at org.junit.internal.runners.JUnit4ClassRunner.runMethods(JUnit4ClassRunner.java:61)
	at org.unitils.UnitilsJUnit4TestClassRunner.access$000(UnitilsJUnit4TestClassRunner.java:44)
	at org.unitils.UnitilsJUnit4TestClassRunner$1.run(UnitilsJUnit4TestClassRunner.java:62)
	at org.junit.internal.runners.ClassRoadie.runUnprotected(ClassRoadie.java:34)
	at org.junit.internal.runners.ClassRoadie.runProtected(ClassRoadie.java:44)
	at org.unitils.UnitilsJUnit4TestClassRunner.run(UnitilsJUnit4TestClassRunner.java:68)
	at org.apache.maven.surefire.junit4.JUnit4TestSet.execute(JUnit4TestSet.java:53)
	at org.apache.maven.surefire.junit4.JUnit4Provider.executeTestSet(JUnit4Provider.java:123)
	at org.apache.maven.surefire.junit4.JUnit4Provider.invoke(JUnit4Provider.java:104)
	at sun.reflect.NativeMethodAccessorImpl.invoke0(Native Method)
	at sun.reflect.NativeMethodAccessorImpl.invoke(NativeMethodAccessorImpl.java:57)
	at sun.reflect.DelegatingMethodAccessorImpl.invoke(DelegatingMethodAccessorImpl.java:43)
	at java.lang.reflect.Method.invoke(Method.java:601)
	at org.apache.maven.surefire.util.ReflectionUtils.invokeMethodWithArray(ReflectionUtils.java:164)
	at org.apache.maven.surefire.booter.ProviderFactory$ProviderProxy.invoke(ProviderFactory.java:110)
	at org.apache.maven.surefire.booter.SurefireStarter.invokeProvider(SurefireStarter.java:175)
	at org.apache.maven.surefire.booter.SurefireStarter.runSuitesInProcessWhenForked(SurefireStarter.java:107)
	at org.apache.maven.surefire.booter.ForkedBooter.main(ForkedBooter.java:68)
Caused by: java.lang.NoClassDefFoundError: org/aspectj/weaver/BCException
	at java.lang.Class.getDeclaredMethods0(Native Method)
	at java.lang.Class.privateGetDeclaredMethods(Class.java:2442)
	at java.lang.Class.getDeclaredMethods(Class.java:1808)
	at org.springframework.core.type.StandardAnnotationMetadata.hasAnnotatedMethods(StandardAnnotationMetadata.java:159)
	at org.springframework.context.annotation.ConfigurationClassUtils.isLiteConfigurationCandidate(ConfigurationClassUtils.java:104)
	at org.springframework.context.annotation.ConfigurationClassUtils.checkConfigurationClassCandidate(ConfigurationClassUtils.java:87)
	at org.springframework.context.annotation.ConfigurationClassPostProcessor.processConfigBeanDefinitions(ConfigurationClassPostProcessor.java:253)
	at org.springframework.context.annotation.ConfigurationClassPostProcessor.postProcessBeanDefinitionRegistry(ConfigurationClassPostProcessor.java:223)
	at org.springframework.context.support.AbstractApplicationContext.invokeBeanFactoryPostProcessors(AbstractApplicationContext.java:630)
	at org.springframework.context.support.AbstractApplicationContext.refresh(AbstractApplicationContext.java:461)
	at org.unitils.spring.util.ApplicationContextManager.createInstanceForValues(ApplicationContextManager.java:117)
	... 35 more
Caused by: java.lang.ClassNotFoundException: org.aspectj.weaver.BCException
	at java.net.URLClassLoader$1.run(URLClassLoader.java:366)
	at java.net.URLClassLoader$1.run(URLClassLoader.java:355)
	at java.security.AccessController.doPrivileged(Native Method)
	at java.net.URLClassLoader.findClass(URLClassLoader.java:354)
	at java.lang.ClassLoader.loadClass(ClassLoader.java:423)
	at sun.misc.Launcher$AppClassLoader.loadClass(Launcher.java:308)
	at java.lang.ClassLoader.loadClass(ClassLoader.java:356)
	... 46 more
removePost(com.trueland.ecerp.service.ForumServiceTest)  Time elapsed: 0.037 sec  <<< ERROR!
org.unitils.core.UnitilsException: Unable to create application context for locations [ecerp-service.xml, ecerp-dao.xml]
	at org.unitils.spring.util.ApplicationContextManager.createInstanceForValues(ApplicationContextManager.java:121)
	at org.unitils.spring.util.ApplicationContextManager.createInstanceForValues(ApplicationContextManager.java:36)
	at org.unitils.core.util.AnnotatedInstanceManager.getInstanceImpl(AnnotatedInstanceManager.java:234)
	at org.unitils.core.util.AnnotatedInstanceManager.getInstanceImpl(AnnotatedInstanceManager.java:240)
	at org.unitils.core.util.AnnotatedInstanceManager.getInstance(AnnotatedInstanceManager.java:121)
	at org.unitils.spring.util.ApplicationContextManager.getApplicationContext(ApplicationContextManager.java:65)
	at org.unitils.spring.SpringModule.getApplicationContext(SpringModule.java:222)
	at org.unitils.spring.SpringModule$1.isApplicableFor(SpringModule.java:104)
	at org.unitils.database.transaction.impl.DefaultUnitilsTransactionManager.getTransactionManagementConfiguration(DefaultUnitilsTransactionManager.java:182)
	at org.unitils.database.transaction.impl.DefaultUnitilsTransactionManager.startTransaction(DefaultUnitilsTransactionManager.java:98)
	at org.unitils.database.DatabaseModule.startTransaction(DatabaseModule.java:410)
	at org.unitils.database.DatabaseModule.startTransactionForTestMethod(DatabaseModule.java:381)
	at org.unitils.database.DatabaseModule$DatabaseTestListener.beforeTestSetUp(DatabaseModule.java:535)
	at org.unitils.core.Unitils$UnitilsTestListener.beforeTestSetUp(Unitils.java:273)
	at org.unitils.UnitilsJUnit4TestClassRunner$TestListenerInvokingMethodRoadie.runBeforesThenTestThenAfters(UnitilsJUnit4TestClassRunner.java:151)
	at org.junit.internal.runners.MethodRoadie.runTest(MethodRoadie.java:84)
	at org.junit.internal.runners.MethodRoadie.run(MethodRoadie.java:49)
	at org.unitils.UnitilsJUnit4TestClassRunner.invokeTestMethod(UnitilsJUnit4TestClassRunner.java:95)
	at org.junit.internal.runners.JUnit4ClassRunner.runMethods(JUnit4ClassRunner.java:61)
	at org.unitils.UnitilsJUnit4TestClassRunner.access$000(UnitilsJUnit4TestClassRunner.java:44)
	at org.unitils.UnitilsJUnit4TestClassRunner$1.run(UnitilsJUnit4TestClassRunner.java:62)
	at org.junit.internal.runners.ClassRoadie.runUnprotected(ClassRoadie.java:34)
	at org.junit.internal.runners.ClassRoadie.runProtected(ClassRoadie.java:44)
	at org.unitils.UnitilsJUnit4TestClassRunner.run(UnitilsJUnit4TestClassRunner.java:68)
	at org.apache.maven.surefire.junit4.JUnit4TestSet.execute(JUnit4TestSet.java:53)
	at org.apache.maven.surefire.junit4.JUnit4Provider.executeTestSet(JUnit4Provider.java:123)
	at org.apache.maven.surefire.junit4.JUnit4Provider.invoke(JUnit4Provider.java:104)
	at sun.reflect.NativeMethodAccessorImpl.invoke0(Native Method)
	at sun.reflect.NativeMethodAccessorImpl.invoke(NativeMethodAccessorImpl.java:57)
	at sun.reflect.DelegatingMethodAccessorImpl.invoke(DelegatingMethodAccessorImpl.java:43)
	at java.lang.reflect.Method.invoke(Method.java:601)
	at org.apache.maven.surefire.util.ReflectionUtils.invokeMethodWithArray(ReflectionUtils.java:164)
	at org.apache.maven.surefire.booter.ProviderFactory$ProviderProxy.invoke(ProviderFactory.java:110)
	at org.apache.maven.surefire.booter.SurefireStarter.invokeProvider(SurefireStarter.java:175)
	at org.apache.maven.surefire.booter.SurefireStarter.runSuitesInProcessWhenForked(SurefireStarter.java:107)
	at org.apache.maven.surefire.booter.ForkedBooter.main(ForkedBooter.java:68)
Caused by: java.lang.NoClassDefFoundError: org/aspectj/weaver/BCException
	at java.lang.Class.getDeclaredMethods0(Native Method)
	at java.lang.Class.privateGetDeclaredMethods(Class.java:2442)
	at java.lang.Class.getDeclaredMethods(Class.java:1808)
	at org.springframework.core.type.StandardAnnotationMetadata.hasAnnotatedMethods(StandardAnnotationMetadata.java:159)
	at org.springframework.context.annotation.ConfigurationClassUtils.isLiteConfigurationCandidate(ConfigurationClassUtils.java:104)
	at org.springframework.context.annotation.ConfigurationClassUtils.checkConfigurationClassCandidate(ConfigurationClassUtils.java:87)
	at org.springframework.context.annotation.ConfigurationClassPostProcessor.processConfigBeanDefinitions(ConfigurationClassPostProcessor.java:253)
	at org.springframework.context.annotation.ConfigurationClassPostProcessor.postProcessBeanDefinitionRegistry(ConfigurationClassPostProcessor.java:223)
	at org.springframework.context.support.AbstractApplicationContext.invokeBeanFactoryPostProcessors(AbstractApplicationContext.java:630)
	at org.springframework.context.support.AbstractApplicationContext.refresh(AbstractApplicationContext.java:461)
	at org.unitils.spring.util.ApplicationContextManager.createInstanceForValues(ApplicationContextManager.java:117)
	... 35 more
Caused by: java.lang.ClassNotFoundException: org.aspectj.weaver.BCException
	at java.net.URLClassLoader$1.run(URLClassLoader.java:366)
	at java.net.URLClassLoader$1.run(URLClassLoader.java:355)
	at java.security.AccessController.doPrivileged(Native Method)
	at java.net.URLClassLoader.findClass(URLClassLoader.java:354)
	at java.lang.ClassLoader.loadClass(ClassLoader.java:423)
	at sun.misc.Launcher$AppClassLoader.loadClass(Launcher.java:308)
	at java.lang.ClassLoader.loadClass(ClassLoader.java:356)
	... 46 more
makeDigestTopic(com.trueland.ecerp.service.ForumServiceTest)  Time elapsed: 0.037 sec  <<< ERROR!
org.unitils.core.UnitilsException: Unable to create application context for locations [ecerp-service.xml, ecerp-dao.xml]
	at org.unitils.spring.util.ApplicationContextManager.createInstanceForValues(ApplicationContextManager.java:121)
	at org.unitils.spring.util.ApplicationContextManager.createInstanceForValues(ApplicationContextManager.java:36)
	at org.unitils.core.util.AnnotatedInstanceManager.getInstanceImpl(AnnotatedInstanceManager.java:234)
	at org.unitils.core.util.AnnotatedInstanceManager.getInstanceImpl(AnnotatedInstanceManager.java:240)
	at org.unitils.core.util.AnnotatedInstanceManager.getInstance(AnnotatedInstanceManager.java:121)
	at org.unitils.spring.util.ApplicationContextManager.getApplicationContext(ApplicationContextManager.java:65)
	at org.unitils.spring.SpringModule.getApplicationContext(SpringModule.java:222)
	at org.unitils.spring.SpringModule$1.isApplicableFor(SpringModule.java:104)
	at org.unitils.database.transaction.impl.DefaultUnitilsTransactionManager.getTransactionManagementConfiguration(DefaultUnitilsTransactionManager.java:182)
	at org.unitils.database.transaction.impl.DefaultUnitilsTransactionManager.startTransaction(DefaultUnitilsTransactionManager.java:98)
	at org.unitils.database.DatabaseModule.startTransaction(DatabaseModule.java:410)
	at org.unitils.database.DatabaseModule.startTransactionForTestMethod(DatabaseModule.java:381)
	at org.unitils.database.DatabaseModule$DatabaseTestListener.beforeTestSetUp(DatabaseModule.java:535)
	at org.unitils.core.Unitils$UnitilsTestListener.beforeTestSetUp(Unitils.java:273)
	at org.unitils.UnitilsJUnit4TestClassRunner$TestListenerInvokingMethodRoadie.runBeforesThenTestThenAfters(UnitilsJUnit4TestClassRunner.java:151)
	at org.junit.internal.runners.MethodRoadie.runTest(MethodRoadie.java:84)
	at org.junit.internal.runners.MethodRoadie.run(MethodRoadie.java:49)
	at org.unitils.UnitilsJUnit4TestClassRunner.invokeTestMethod(UnitilsJUnit4TestClassRunner.java:95)
	at org.junit.internal.runners.JUnit4ClassRunner.runMethods(JUnit4ClassRunner.java:61)
	at org.unitils.UnitilsJUnit4TestClassRunner.access$000(UnitilsJUnit4TestClassRunner.java:44)
	at org.unitils.UnitilsJUnit4TestClassRunner$1.run(UnitilsJUnit4TestClassRunner.java:62)
	at org.junit.internal.runners.ClassRoadie.runUnprotected(ClassRoadie.java:34)
	at org.junit.internal.runners.ClassRoadie.runProtected(ClassRoadie.java:44)
	at org.unitils.UnitilsJUnit4TestClassRunner.run(UnitilsJUnit4TestClassRunner.java:68)
	at org.apache.maven.surefire.junit4.JUnit4TestSet.execute(JUnit4TestSet.java:53)
	at org.apache.maven.surefire.junit4.JUnit4Provider.executeTestSet(JUnit4Provider.java:123)
	at org.apache.maven.surefire.junit4.JUnit4Provider.invoke(JUnit4Provider.java:104)
	at sun.reflect.NativeMethodAccessorImpl.invoke0(Native Method)
	at sun.reflect.NativeMethodAccessorImpl.invoke(NativeMethodAccessorImpl.java:57)
	at sun.reflect.DelegatingMethodAccessorImpl.invoke(DelegatingMethodAccessorImpl.java:43)
	at java.lang.reflect.Method.invoke(Method.java:601)
	at org.apache.maven.surefire.util.ReflectionUtils.invokeMethodWithArray(ReflectionUtils.java:164)
	at org.apache.maven.surefire.booter.ProviderFactory$ProviderProxy.invoke(ProviderFactory.java:110)
	at org.apache.maven.surefire.booter.SurefireStarter.invokeProvider(SurefireStarter.java:175)
	at org.apache.maven.surefire.booter.SurefireStarter.runSuitesInProcessWhenForked(SurefireStarter.java:107)
	at org.apache.maven.surefire.booter.ForkedBooter.main(ForkedBooter.java:68)
Caused by: java.lang.NoClassDefFoundError: org/aspectj/weaver/BCException
	at java.lang.Class.getDeclaredMethods0(Native Method)
	at java.lang.Class.privateGetDeclaredMethods(Class.java:2442)
	at java.lang.Class.getDeclaredMethods(Class.java:1808)
	at org.springframework.core.type.StandardAnnotationMetadata.hasAnnotatedMethods(StandardAnnotationMetadata.java:159)
	at org.springframework.context.annotation.ConfigurationClassUtils.isLiteConfigurationCandidate(ConfigurationClassUtils.java:104)
	at org.springframework.context.annotation.ConfigurationClassUtils.checkConfigurationClassCandidate(ConfigurationClassUtils.java:87)
	at org.springframework.context.annotation.ConfigurationClassPostProcessor.processConfigBeanDefinitions(ConfigurationClassPostProcessor.java:253)
	at org.springframework.context.annotation.ConfigurationClassPostProcessor.postProcessBeanDefinitionRegistry(ConfigurationClassPostProcessor.java:223)
	at org.springframework.context.support.AbstractApplicationContext.invokeBeanFactoryPostProcessors(AbstractApplicationContext.java:630)
	at org.springframework.context.support.AbstractApplicationContext.refresh(AbstractApplicationContext.java:461)
	at org.unitils.spring.util.ApplicationContextManager.createInstanceForValues(ApplicationContextManager.java:117)
	... 35 more
Caused by: java.lang.ClassNotFoundException: org.aspectj.weaver.BCException
	at java.net.URLClassLoader$1.run(URLClassLoader.java:366)
	at java.net.URLClassLoader$1.run(URLClassLoader.java:355)
	at java.security.AccessController.doPrivileged(Native Method)
	at java.net.URLClassLoader.findClass(URLClassLoader.java:354)
	at java.lang.ClassLoader.loadClass(ClassLoader.java:423)
	at sun.misc.Launcher$AppClassLoader.loadClass(Launcher.java:308)
	at java.lang.ClassLoader.loadClass(ClassLoader.java:356)
	... 46 more
addBoardManager(com.trueland.ecerp.service.ForumServiceTest)  Time elapsed: 0.035 sec  <<< ERROR!
org.unitils.core.UnitilsException: Unable to create application context for locations [ecerp-service.xml, ecerp-dao.xml]
	at org.unitils.spring.util.ApplicationContextManager.createInstanceForValues(ApplicationContextManager.java:121)
	at org.unitils.spring.util.ApplicationContextManager.createInstanceForValues(ApplicationContextManager.java:36)
	at org.unitils.core.util.AnnotatedInstanceManager.getInstanceImpl(AnnotatedInstanceManager.java:234)
	at org.unitils.core.util.AnnotatedInstanceManager.getInstanceImpl(AnnotatedInstanceManager.java:240)
	at org.unitils.core.util.AnnotatedInstanceManager.getInstance(AnnotatedInstanceManager.java:121)
	at org.unitils.spring.util.ApplicationContextManager.getApplicationContext(ApplicationContextManager.java:65)
	at org.unitils.spring.SpringModule.getApplicationContext(SpringModule.java:222)
	at org.unitils.spring.SpringModule$1.isApplicableFor(SpringModule.java:104)
	at org.unitils.database.transaction.impl.DefaultUnitilsTransactionManager.getTransactionManagementConfiguration(DefaultUnitilsTransactionManager.java:182)
	at org.unitils.database.transaction.impl.DefaultUnitilsTransactionManager.startTransaction(DefaultUnitilsTransactionManager.java:98)
	at org.unitils.database.DatabaseModule.startTransaction(DatabaseModule.java:410)
	at org.unitils.database.DatabaseModule.startTransactionForTestMethod(DatabaseModule.java:381)
	at org.unitils.database.DatabaseModule$DatabaseTestListener.beforeTestSetUp(DatabaseModule.java:535)
	at org.unitils.core.Unitils$UnitilsTestListener.beforeTestSetUp(Unitils.java:273)
	at org.unitils.UnitilsJUnit4TestClassRunner$TestListenerInvokingMethodRoadie.runBeforesThenTestThenAfters(UnitilsJUnit4TestClassRunner.java:151)
	at org.junit.internal.runners.MethodRoadie.runTest(MethodRoadie.java:84)
	at org.junit.internal.runners.MethodRoadie.run(MethodRoadie.java:49)
	at org.unitils.UnitilsJUnit4TestClassRunner.invokeTestMethod(UnitilsJUnit4TestClassRunner.java:95)
	at org.junit.internal.runners.JUnit4ClassRunner.runMethods(JUnit4ClassRunner.java:61)
	at org.unitils.UnitilsJUnit4TestClassRunner.access$000(UnitilsJUnit4TestClassRunner.java:44)
	at org.unitils.UnitilsJUnit4TestClassRunner$1.run(UnitilsJUnit4TestClassRunner.java:62)
	at org.junit.internal.runners.ClassRoadie.runUnprotected(ClassRoadie.java:34)
	at org.junit.internal.runners.ClassRoadie.runProtected(ClassRoadie.java:44)
	at org.unitils.UnitilsJUnit4TestClassRunner.run(UnitilsJUnit4TestClassRunner.java:68)
	at org.apache.maven.surefire.junit4.JUnit4TestSet.execute(JUnit4TestSet.java:53)
	at org.apache.maven.surefire.junit4.JUnit4Provider.executeTestSet(JUnit4Provider.java:123)
	at org.apache.maven.surefire.junit4.JUnit4Provider.invoke(JUnit4Provider.java:104)
	at sun.reflect.NativeMethodAccessorImpl.invoke0(Native Method)
	at sun.reflect.NativeMethodAccessorImpl.invoke(NativeMethodAccessorImpl.java:57)
	at sun.reflect.DelegatingMethodAccessorImpl.invoke(DelegatingMethodAccessorImpl.java:43)
	at java.lang.reflect.Method.invoke(Method.java:601)
	at org.apache.maven.surefire.util.ReflectionUtils.invokeMethodWithArray(ReflectionUtils.java:164)
	at org.apache.maven.surefire.booter.ProviderFactory$ProviderProxy.invoke(ProviderFactory.java:110)
	at org.apache.maven.surefire.booter.SurefireStarter.invokeProvider(SurefireStarter.java:175)
	at org.apache.maven.surefire.booter.SurefireStarter.runSuitesInProcessWhenForked(SurefireStarter.java:107)
	at org.apache.maven.surefire.booter.ForkedBooter.main(ForkedBooter.java:68)
Caused by: java.lang.NoClassDefFoundError: org/aspectj/weaver/BCException
	at java.lang.Class.getDeclaredMethods0(Native Method)
	at java.lang.Class.privateGetDeclaredMethods(Class.java:2442)
	at java.lang.Class.getDeclaredMethods(Class.java:1808)
	at org.springframework.core.type.StandardAnnotationMetadata.hasAnnotatedMethods(StandardAnnotationMetadata.java:159)
	at org.springframework.context.annotation.ConfigurationClassUtils.isLiteConfigurationCandidate(ConfigurationClassUtils.java:104)
	at org.springframework.context.annotation.ConfigurationClassUtils.checkConfigurationClassCandidate(ConfigurationClassUtils.java:87)
	at org.springframework.context.annotation.ConfigurationClassPostProcessor.processConfigBeanDefinitions(ConfigurationClassPostProcessor.java:253)
	at org.springframework.context.annotation.ConfigurationClassPostProcessor.postProcessBeanDefinitionRegistry(ConfigurationClassPostProcessor.java:223)
	at org.springframework.context.support.AbstractApplicationContext.invokeBeanFactoryPostProcessors(AbstractApplicationContext.java:630)
	at org.springframework.context.support.AbstractApplicationContext.refresh(AbstractApplicationContext.java:461)
	at org.unitils.spring.util.ApplicationContextManager.createInstanceForValues(ApplicationContextManager.java:117)
	... 35 more
Caused by: java.lang.ClassNotFoundException: org.aspectj.weaver.BCException
	at java.net.URLClassLoader$1.run(URLClassLoader.java:366)
	at java.net.URLClassLoader$1.run(URLClassLoader.java:355)
	at java.security.AccessController.doPrivileged(Native Method)
	at java.net.URLClassLoader.findClass(URLClassLoader.java:354)
	at java.lang.ClassLoader.loadClass(ClassLoader.java:423)
	at sun.misc.Launcher$AppClassLoader.loadClass(Launcher.java:308)
	at java.lang.ClassLoader.loadClass(ClassLoader.java:356)
	... 46 more
