-------------------------------------------------------------------------------
Test set: com.trueland.ecerp.web.controller.LoginControllerTest
-------------------------------------------------------------------------------
Tests run: 1, Failures: 0, Errors: 1, Skipped: 0, Time elapsed: 0.03 sec <<< FAILURE!
loginCheckByMock(com.trueland.ecerp.web.controller.LoginControllerTest)  Time elapsed: 0.03 sec  <<< ERROR!
org.unitils.core.UnitilsException: Unable to create application context for locations [classpath:/applicationContext.xml, file:WebRoot/WEB-INF/ecerp-servlet.xml]
	at org.unitils.spring.util.ApplicationContextManager.createInstanceForValues(ApplicationContextManager.java:121)
	at org.unitils.spring.util.ApplicationContextManager.createInstanceForValues(ApplicationContextManager.java:36)
	at org.unitils.core.util.AnnotatedInstanceManager.getInstanceImpl(AnnotatedInstanceManager.java:234)
	at org.unitils.core.util.AnnotatedInstanceManager.getInstanceImpl(AnnotatedInstanceManager.java:240)
	at org.unitils.core.util.AnnotatedInstanceManager.getInstance(AnnotatedInstanceManager.java:121)
	at org.unitils.spring.util.ApplicationContextManager.getApplicationContext(ApplicationContextManager.java:65)
	at org.unitils.spring.SpringModule.getApplicationContext(SpringModule.java:222)
	at org.unitils.spring.SpringModule$1.isApplicableFor(SpringModule.java:104)
	at org.unitils.database.transaction.impl.DefaultUnitilsTransactionManager.getTransactionManagementConfiguration(DefaultUnitilsTransactionManager.java:182)
	at org.unitils.database.transaction.impl.DefaultUnitilsTransactionManager.startTransaction(DefaultUnitilsTransactionManager.java:98)
	at org.unitils.database.DatabaseModule.startTransaction(DatabaseModule.java:410)
	at org.unitils.database.DatabaseModule.startTransactionForTestMethod(DatabaseModule.java:381)
	at org.unitils.database.DatabaseModule$DatabaseTestListener.beforeTestSetUp(DatabaseModule.java:535)
	at org.unitils.core.Unitils$UnitilsTestListener.beforeTestSetUp(Unitils.java:273)
	at org.unitils.UnitilsJUnit4TestClassRunner$TestListenerInvokingMethodRoadie.runBeforesThenTestThenAfters(UnitilsJUnit4TestClassRunner.java:151)
	at org.junit.internal.runners.MethodRoadie.runTest(MethodRoadie.java:84)
	at org.junit.internal.runners.MethodRoadie.run(MethodRoadie.java:49)
	at org.unitils.UnitilsJUnit4TestClassRunner.invokeTestMethod(UnitilsJUnit4TestClassRunner.java:95)
	at org.junit.internal.runners.JUnit4ClassRunner.runMethods(JUnit4ClassRunner.java:61)
	at org.unitils.UnitilsJUnit4TestClassRunner.access$000(UnitilsJUnit4TestClassRunner.java:44)
	at org.unitils.UnitilsJUnit4TestClassRunner$1.run(UnitilsJUnit4TestClassRunner.java:62)
	at org.junit.internal.runners.ClassRoadie.runUnprotected(ClassRoadie.java:34)
	at org.junit.internal.runners.ClassRoadie.runProtected(ClassRoadie.java:44)
	at org.unitils.UnitilsJUnit4TestClassRunner.run(UnitilsJUnit4TestClassRunner.java:68)
	at org.apache.maven.surefire.junit4.JUnit4TestSet.execute(JUnit4TestSet.java:53)
	at org.apache.maven.surefire.junit4.JUnit4Provider.executeTestSet(JUnit4Provider.java:123)
	at org.apache.maven.surefire.junit4.JUnit4Provider.invoke(JUnit4Provider.java:104)
	at sun.reflect.NativeMethodAccessorImpl.invoke0(Native Method)
	at sun.reflect.NativeMethodAccessorImpl.invoke(NativeMethodAccessorImpl.java:57)
	at sun.reflect.DelegatingMethodAccessorImpl.invoke(DelegatingMethodAccessorImpl.java:43)
	at java.lang.reflect.Method.invoke(Method.java:601)
	at org.apache.maven.surefire.util.ReflectionUtils.invokeMethodWithArray(ReflectionUtils.java:164)
	at org.apache.maven.surefire.booter.ProviderFactory$ProviderProxy.invoke(ProviderFactory.java:110)
	at org.apache.maven.surefire.booter.SurefireStarter.invokeProvider(SurefireStarter.java:175)
	at org.apache.maven.surefire.booter.SurefireStarter.runSuitesInProcessWhenForked(SurefireStarter.java:107)
	at org.apache.maven.surefire.booter.ForkedBooter.main(ForkedBooter.java:68)
Caused by: org.springframework.beans.factory.BeanDefinitionStoreException: IOException parsing XML document from URL [file:WebRoot/WEB-INF/ecerp-servlet.xml]; nested exception is java.io.FileNotFoundException: WebRoot\WEB-INF\ecerp-servlet.xml (ϵͳ�Ҳ���ָ����·����)
	at org.springframework.beans.factory.xml.XmlBeanDefinitionReader.loadBeanDefinitions(XmlBeanDefinitionReader.java:341)
	at org.springframework.beans.factory.xml.XmlBeanDefinitionReader.loadBeanDefinitions(XmlBeanDefinitionReader.java:302)
	at org.springframework.beans.factory.support.AbstractBeanDefinitionReader.loadBeanDefinitions(AbstractBeanDefinitionReader.java:174)
	at org.springframework.beans.factory.support.AbstractBeanDefinitionReader.loadBeanDefinitions(AbstractBeanDefinitionReader.java:209)
	at org.springframework.beans.factory.support.AbstractBeanDefinitionReader.loadBeanDefinitions(AbstractBeanDefinitionReader.java:180)
	at org.springframework.beans.factory.support.AbstractBeanDefinitionReader.loadBeanDefinitions(AbstractBeanDefinitionReader.java:243)
	at org.springframework.context.support.AbstractXmlApplicationContext.loadBeanDefinitions(AbstractXmlApplicationContext.java:127)
	at org.springframework.context.support.AbstractXmlApplicationContext.loadBeanDefinitions(AbstractXmlApplicationContext.java:93)
	at org.springframework.context.support.AbstractRefreshableApplicationContext.refreshBeanFactory(AbstractRefreshableApplicationContext.java:130)
	at org.springframework.context.support.AbstractApplicationContext.obtainFreshBeanFactory(AbstractApplicationContext.java:537)
	at org.springframework.context.support.AbstractApplicationContext.refresh(AbstractApplicationContext.java:451)
	at org.unitils.spring.util.ApplicationContextManager.createInstanceForValues(ApplicationContextManager.java:117)
	... 35 more
Caused by: java.io.FileNotFoundException: WebRoot\WEB-INF\ecerp-servlet.xml (ϵͳ�Ҳ���ָ����·����)
	at java.io.FileInputStream.open(Native Method)
	at java.io.FileInputStream.<init>(FileInputStream.java:138)
	at java.io.FileInputStream.<init>(FileInputStream.java:97)
	at sun.net.www.protocol.file.FileURLConnection.connect(FileURLConnection.java:90)
	at sun.net.www.protocol.file.FileURLConnection.getInputStream(FileURLConnection.java:188)
	at org.springframework.core.io.UrlResource.getInputStream(UrlResource.java:125)
	at org.springframework.beans.factory.xml.XmlBeanDefinitionReader.loadBeanDefinitions(XmlBeanDefinitionReader.java:328)
	... 46 more
